<?xml version="1.0" encoding="UTF-8"?>
<testsuite name="myproject.basic.general.BankTest" tests="1" skipped="0" failures="0" errors="0" timestamp="2022-06-05T07:02:47" hostname="LAPTOP-5GD1CPL8" time="3.706">
  <properties/>
  <testcase name="repayCredit" classname="myproject.basic.general.BankTest" time="3.706"/>
  <system-out><![CDATA[1000.0, ]]></system-out>
  <system-err><![CDATA[]]></system-err>
</testsuite>
