<?xml version="1.0" encoding="UTF-8"?>
<testsuite name="myproject.basic.general.BankTest" tests="1" skipped="0" failures="0" errors="0" timestamp="2022-06-30T18:04:37" hostname="LAPTOP-5GD1CPL8" time="0.616">
  <properties/>
  <testcase name="grantCredit" classname="myproject.basic.general.BankTest" time="0.616"/>
  <system-out><![CDATA[]]></system-out>
  <system-err><![CDATA[]]></system-err>
</testsuite>
